<?xml version="1.0" encoding="UTF-8"?>
<!-- Generated by org.testng.reporters.JUnitReportReporter -->
<testsuite hostname="IN-5WMZ9K3" failures="0" tests="5" name="com.api.RestAssuredTraining.TrelloAPI_E2E" time="3.823" errors="0" timestamp="2024-06-26T16:43:58 IST" skipped="0">
  <testcase classname="com.api.RestAssuredTraining.TrelloAPI_E2E" name="create_Card" time="1.580"/>
  <testcase classname="com.api.RestAssuredTraining.TrelloAPI_E2E" name="get_Card" time="0.552"/>
  <testcase classname="com.api.RestAssuredTraining.TrelloAPI_E2E" name="Update_Card" time="0.447"/>
  <testcase classname="com.api.RestAssuredTraining.TrelloAPI_E2E" name="Delete_Card" time="0.928"/>
  <testcase classname="com.api.RestAssuredTraining.TrelloAPI_E2E" name="Delete_Same_Card_Again" time="0.316"/>
</testsuite> <!-- com.api.RestAssuredTraining.TrelloAPI_E2E -->
