<?xml version="1.0" encoding="UTF-8"?>
<!-- Generated by org.testng.reporters.JUnitReportReporter -->
<testsuite hostname="IN-5WMZ9K3" failures="0" tests="1" name="com.api.RestAssuredTraining.Update_Card" time="0.916" errors="0" timestamp="2024-09-19T22:02:04 IST" skipped="0">
  <testcase classname="com.api.RestAssuredTraining.Update_Card" name="update_Card" time="0.916"/>
  <system-out/>
</testsuite> <!-- com.api.RestAssuredTraining.Update_Card -->
