<?xml version="1.0" encoding="UTF-8"?>
<!-- Generated by org.testng.reporters.JUnitReportReporter -->
<testsuite hostname="IN-5WMZ9K3" failures="0" tests="2" name="com.api.RestAssuredTraining.Delete_Card" time="1.168" errors="0" timestamp="2024-09-19T22:02:04 IST" skipped="0">
  <testcase classname="com.api.RestAssuredTraining.Delete_Card" name="delete_Card" time="0.850"/>
  <system-out/>
  <testcase classname="com.api.RestAssuredTraining.Delete_Card" name="delete_Same_Card_Again" time="0.318"/>
  <system-out/>
</testsuite> <!-- com.api.RestAssuredTraining.Delete_Card -->
